mode: atomic
github.com/uubk/microkube/internal/log/EtcdLogParser.go:32.40,36.2 3 3
github.com/uubk/microkube/internal/log/EtcdLogParser.go:39.58,42.16 3 6
github.com/uubk/microkube/internal/log/EtcdLogParser.go:45.2,45.9 1 6
github.com/uubk/microkube/internal/log/EtcdLogParser.go:49.2,58.107 2 6
github.com/uubk/microkube/internal/log/EtcdLogParser.go:64.2,64.106 1 6
github.com/uubk/microkube/internal/log/EtcdLogParser.go:68.2,68.23 1 6
github.com/uubk/microkube/internal/log/EtcdLogParser.go:88.2,88.12 1 6
github.com/uubk/microkube/internal/log/EtcdLogParser.go:42.16,44.3 1 0
github.com/uubk/microkube/internal/log/EtcdLogParser.go:45.9,47.3 1 0
github.com/uubk/microkube/internal/log/EtcdLogParser.go:58.107,59.77 1 0
github.com/uubk/microkube/internal/log/EtcdLogParser.go:59.77,61.4 1 0
github.com/uubk/microkube/internal/log/EtcdLogParser.go:64.106,66.3 1 0
github.com/uubk/microkube/internal/log/EtcdLogParser.go:69.11,70.27 1 6
github.com/uubk/microkube/internal/log/EtcdLogParser.go:71.11,72.28 1 0
github.com/uubk/microkube/internal/log/EtcdLogParser.go:73.11,74.30 1 0
github.com/uubk/microkube/internal/log/EtcdLogParser.go:75.11,76.28 1 0
github.com/uubk/microkube/internal/log/EtcdLogParser.go:77.11,78.27 1 0
github.com/uubk/microkube/internal/log/EtcdLogParser.go:79.10,85.27 2 0
github.com/uubk/microkube/internal/log/KubeLogParser.go:40.50,47.2 3 2
github.com/uubk/microkube/internal/log/KubeLogParser.go:50.58,51.45 1 2
github.com/uubk/microkube/internal/log/KubeLogParser.go:114.2,114.12 1 2
github.com/uubk/microkube/internal/log/KubeLogParser.go:51.45,55.17 3 1
github.com/uubk/microkube/internal/log/KubeLogParser.go:58.3,58.10 1 1
github.com/uubk/microkube/internal/log/KubeLogParser.go:61.3,65.24 1 1
github.com/uubk/microkube/internal/log/KubeLogParser.go:55.17,57.4 1 0
github.com/uubk/microkube/internal/log/KubeLogParser.go:58.10,60.4 1 0
github.com/uubk/microkube/internal/log/KubeLogParser.go:66.8,73.17 4 1
github.com/uubk/microkube/internal/log/KubeLogParser.go:76.3,76.9 1 1
github.com/uubk/microkube/internal/log/KubeLogParser.go:73.17,75.4 1 0
github.com/uubk/microkube/internal/log/KubeLogParser.go:76.9,83.30 2 1
github.com/uubk/microkube/internal/log/KubeLogParser.go:84.13,85.29 1 0
github.com/uubk/microkube/internal/log/KubeLogParser.go:86.13,87.30 1 0
github.com/uubk/microkube/internal/log/KubeLogParser.go:88.13,89.32 1 1
github.com/uubk/microkube/internal/log/KubeLogParser.go:90.13,91.30 1 0
github.com/uubk/microkube/internal/log/KubeLogParser.go:92.13,93.29 1 0
github.com/uubk/microkube/internal/log/KubeLogParser.go:94.13,95.30 1 0
github.com/uubk/microkube/internal/log/KubeLogParser.go:96.12,104.21 2 0
github.com/uubk/microkube/internal/log/KubeLogParser.go:106.9,111.4 1 0
github.com/uubk/microkube/internal/log/logs_lde.go:34.58,40.14 4 1
github.com/uubk/microkube/internal/log/logs_lde.go:48.2,49.14 2 1
github.com/uubk/microkube/internal/log/logs_lde.go:57.2,58.14 2 1
github.com/uubk/microkube/internal/log/logs_lde.go:66.2,67.14 2 1
github.com/uubk/microkube/internal/log/logs_lde.go:75.2,76.14 2 1
github.com/uubk/microkube/internal/log/logs_lde.go:83.2,83.18 1 1
github.com/uubk/microkube/internal/log/logs_lde.go:40.14,43.3 2 1
github.com/uubk/microkube/internal/log/logs_lde.go:43.8,45.3 1 0
github.com/uubk/microkube/internal/log/logs_lde.go:49.14,52.3 2 1
github.com/uubk/microkube/internal/log/logs_lde.go:52.8,54.3 1 0
github.com/uubk/microkube/internal/log/logs_lde.go:58.14,61.3 2 1
github.com/uubk/microkube/internal/log/logs_lde.go:61.8,63.3 1 0
github.com/uubk/microkube/internal/log/logs_lde.go:67.14,70.3 2 1
github.com/uubk/microkube/internal/log/logs_lde.go:70.8,72.3 1 0
github.com/uubk/microkube/internal/log/logs_lde.go:76.14,79.3 2 1
github.com/uubk/microkube/internal/log/logs_lde.go:79.8,81.3 1 0
github.com/uubk/microkube/internal/log/logs_lde.go:96.65,101.57 3 1
github.com/uubk/microkube/internal/log/logs_lde.go:108.2,109.14 2 1
github.com/uubk/microkube/internal/log/logs_lde.go:117.2,118.14 2 1
github.com/uubk/microkube/internal/log/logs_lde.go:126.2,127.14 2 1
github.com/uubk/microkube/internal/log/logs_lde.go:135.2,135.69 1 1
github.com/uubk/microkube/internal/log/logs_lde.go:142.2,143.14 2 1
github.com/uubk/microkube/internal/log/logs_lde.go:150.2,150.18 1 1
github.com/uubk/microkube/internal/log/logs_lde.go:101.57,103.3 1 1
github.com/uubk/microkube/internal/log/logs_lde.go:103.8,105.3 1 0
github.com/uubk/microkube/internal/log/logs_lde.go:109.14,112.3 2 1
github.com/uubk/microkube/internal/log/logs_lde.go:112.8,114.3 1 0
github.com/uubk/microkube/internal/log/logs_lde.go:118.14,121.3 2 1
github.com/uubk/microkube/internal/log/logs_lde.go:121.8,123.3 1 0
github.com/uubk/microkube/internal/log/logs_lde.go:127.14,130.3 2 1
github.com/uubk/microkube/internal/log/logs_lde.go:130.8,132.3 1 0
github.com/uubk/microkube/internal/log/logs_lde.go:135.69,137.3 1 1
github.com/uubk/microkube/internal/log/logs_lde.go:137.8,139.3 1 0
github.com/uubk/microkube/internal/log/logs_lde.go:143.14,146.3 2 1
github.com/uubk/microkube/internal/log/logs_lde.go:146.8,148.3 1 0
github.com/uubk/microkube/internal/log/logs_lde.go:164.58,170.14 4 6
github.com/uubk/microkube/internal/log/logs_lde.go:178.2,179.14 2 6
github.com/uubk/microkube/internal/log/logs_lde.go:187.2,188.14 2 6
github.com/uubk/microkube/internal/log/logs_lde.go:196.2,197.14 2 6
github.com/uubk/microkube/internal/log/logs_lde.go:205.2,206.14 2 6
github.com/uubk/microkube/internal/log/logs_lde.go:213.2,213.18 1 6
github.com/uubk/microkube/internal/log/logs_lde.go:170.14,173.3 2 6
github.com/uubk/microkube/internal/log/logs_lde.go:173.8,175.3 1 0
github.com/uubk/microkube/internal/log/logs_lde.go:179.14,182.3 2 6
github.com/uubk/microkube/internal/log/logs_lde.go:182.8,184.3 1 0
github.com/uubk/microkube/internal/log/logs_lde.go:188.14,191.3 2 6
github.com/uubk/microkube/internal/log/logs_lde.go:191.8,193.3 1 0
github.com/uubk/microkube/internal/log/logs_lde.go:197.14,200.3 2 6
github.com/uubk/microkube/internal/log/logs_lde.go:200.8,202.3 1 0
github.com/uubk/microkube/internal/log/logs_lde.go:206.14,209.3 2 6
github.com/uubk/microkube/internal/log/logs_lde.go:209.8,211.3 1 0
github.com/uubk/microkube/internal/log/BaseLogParser.go:46.67,52.2 2 5
github.com/uubk/microkube/internal/log/BaseLogParser.go:55.56,58.45 2 383
github.com/uubk/microkube/internal/log/BaseLogParser.go:70.2,70.12 1 383
github.com/uubk/microkube/internal/log/BaseLogParser.go:58.45,60.17 2 8
github.com/uubk/microkube/internal/log/BaseLogParser.go:60.17,62.18 2 8
github.com/uubk/microkube/internal/log/BaseLogParser.go:62.18,64.5 1 0
github.com/uubk/microkube/internal/log/BaseLogParser.go:65.9,67.4 1 0
github.com/uubk/microkube/pkg/helpers/CmdHelper.go:41.149,50.2 1 3
github.com/uubk/microkube/pkg/helpers/CmdHelper.go:53.35,54.24 1 0
github.com/uubk/microkube/pkg/helpers/CmdHelper.go:54.24,56.3 1 0
github.com/uubk/microkube/pkg/helpers/CmdHelper.go:60.42,69.27 3 3
github.com/uubk/microkube/pkg/helpers/CmdHelper.go:89.2,89.27 1 3
github.com/uubk/microkube/pkg/helpers/CmdHelper.go:108.2,109.16 2 3
github.com/uubk/microkube/pkg/helpers/CmdHelper.go:114.2,116.12 3 2
github.com/uubk/microkube/pkg/helpers/CmdHelper.go:127.2,129.12 2 2
github.com/uubk/microkube/pkg/helpers/CmdHelper.go:144.2,144.12 1 2
github.com/uubk/microkube/pkg/helpers/CmdHelper.go:69.27,71.17 2 1
github.com/uubk/microkube/pkg/helpers/CmdHelper.go:74.3,74.13 1 1
github.com/uubk/microkube/pkg/helpers/CmdHelper.go:71.17,73.4 1 0
github.com/uubk/microkube/pkg/helpers/CmdHelper.go:74.13,76.8 2 1
github.com/uubk/microkube/pkg/helpers/CmdHelper.go:76.8,78.14 2 2
github.com/uubk/microkube/pkg/helpers/CmdHelper.go:81.5,81.19 1 2
github.com/uubk/microkube/pkg/helpers/CmdHelper.go:78.14,80.6 1 1
github.com/uubk/microkube/pkg/helpers/CmdHelper.go:81.19,82.11 1 1
github.com/uubk/microkube/pkg/helpers/CmdHelper.go:89.27,91.17 2 0
github.com/uubk/microkube/pkg/helpers/CmdHelper.go:94.3,94.13 1 0
github.com/uubk/microkube/pkg/helpers/CmdHelper.go:91.17,93.4 1 0
github.com/uubk/microkube/pkg/helpers/CmdHelper.go:94.13,96.8 2 0
github.com/uubk/microkube/pkg/helpers/CmdHelper.go:96.8,98.14 2 0
github.com/uubk/microkube/pkg/helpers/CmdHelper.go:101.5,101.19 1 0
github.com/uubk/microkube/pkg/helpers/CmdHelper.go:98.14,100.6 1 0
github.com/uubk/microkube/pkg/helpers/CmdHelper.go:101.19,102.11 1 0
github.com/uubk/microkube/pkg/helpers/CmdHelper.go:109.16,111.3 1 1
github.com/uubk/microkube/pkg/helpers/CmdHelper.go:116.12,117.10 1 2
github.com/uubk/microkube/pkg/helpers/CmdHelper.go:119.18,121.10 2 0
github.com/uubk/microkube/pkg/helpers/CmdHelper.go:123.20,124.10 1 2
github.com/uubk/microkube/pkg/helpers/CmdHelper.go:129.12,132.26 3 2
github.com/uubk/microkube/pkg/helpers/CmdHelper.go:132.26,133.21 1 2
github.com/uubk/microkube/pkg/helpers/CmdHelper.go:133.21,135.5 1 2
github.com/uubk/microkube/pkg/helpers/CmdHelper.go:135.10,136.48 1 0
github.com/uubk/microkube/pkg/helpers/CmdHelper.go:136.48,138.6 1 0
github.com/uubk/microkube/pkg/helpers/CmdHelper.go:138.11,140.6 1 0
github.com/uubk/microkube/pkg/helpers/CmdHelper.go:154.71,156.16 2 2
github.com/uubk/microkube/pkg/helpers/CmdHelper.go:160.2,168.39 2 2
github.com/uubk/microkube/pkg/helpers/CmdHelper.go:176.2,176.45 1 0
github.com/uubk/microkube/pkg/helpers/CmdHelper.go:156.16,158.3 1 0
github.com/uubk/microkube/pkg/helpers/CmdHelper.go:168.39,171.17 3 4
github.com/uubk/microkube/pkg/helpers/CmdHelper.go:171.17,173.4 1 2
github.com/uubk/microkube/pkg/helpers/PKIHelper.go:27.112,32.16 3 0
github.com/uubk/microkube/pkg/helpers/PKIHelper.go:36.2,37.16 2 0
github.com/uubk/microkube/pkg/helpers/PKIHelper.go:41.2,49.16 2 0
github.com/uubk/microkube/pkg/helpers/PKIHelper.go:52.2,55.16 2 0
github.com/uubk/microkube/pkg/helpers/PKIHelper.go:59.2,59.32 1 0
github.com/uubk/microkube/pkg/helpers/PKIHelper.go:32.16,34.3 1 0
github.com/uubk/microkube/pkg/helpers/PKIHelper.go:37.16,39.3 1 0
github.com/uubk/microkube/pkg/helpers/PKIHelper.go:49.16,51.3 1 0
github.com/uubk/microkube/pkg/helpers/PKIHelper.go:55.16,57.3 1 0
github.com/uubk/microkube/pkg/helpers/TestHelper.go:33.273,35.16 2 0
github.com/uubk/microkube/pkg/helpers/TestHelper.go:38.2,39.16 2 0
github.com/uubk/microkube/pkg/helpers/TestHelper.go:43.2,43.39 1 0
github.com/uubk/microkube/pkg/helpers/TestHelper.go:49.2,50.16 2 0
github.com/uubk/microkube/pkg/helpers/TestHelper.go:55.2,56.16 2 0
github.com/uubk/microkube/pkg/helpers/TestHelper.go:59.2,61.16 3 0
github.com/uubk/microkube/pkg/helpers/TestHelper.go:65.2,69.60 3 0
github.com/uubk/microkube/pkg/helpers/TestHelper.go:74.2,74.20 1 0
github.com/uubk/microkube/pkg/helpers/TestHelper.go:78.2,78.45 1 0
github.com/uubk/microkube/pkg/helpers/TestHelper.go:35.16,37.3 1 0
github.com/uubk/microkube/pkg/helpers/TestHelper.go:39.16,41.3 1 0
github.com/uubk/microkube/pkg/helpers/TestHelper.go:43.39,44.12 1 0
github.com/uubk/microkube/pkg/helpers/TestHelper.go:44.12,46.4 1 0
github.com/uubk/microkube/pkg/helpers/TestHelper.go:50.16,52.3 1 0
github.com/uubk/microkube/pkg/helpers/TestHelper.go:56.16,58.3 1 0
github.com/uubk/microkube/pkg/helpers/TestHelper.go:61.16,63.3 1 0
github.com/uubk/microkube/pkg/helpers/TestHelper.go:69.60,73.3 3 0
github.com/uubk/microkube/pkg/helpers/TestHelper.go:74.20,76.3 1 0
github.com/uubk/microkube/pkg/pki/CertManager.go:59.46,65.2 1 4
github.com/uubk/microkube/pkg/pki/CertManager.go:68.154,73.16 3 6
github.com/uubk/microkube/pkg/pki/CertManager.go:76.2,84.16 5 6
github.com/uubk/microkube/pkg/pki/CertManager.go:87.2,99.8 3 6
github.com/uubk/microkube/pkg/pki/CertManager.go:73.16,75.3 1 0
github.com/uubk/microkube/pkg/pki/CertManager.go:84.16,86.3 1 0
github.com/uubk/microkube/pkg/pki/CertManager.go:103.121,106.16 2 4
github.com/uubk/microkube/pkg/pki/CertManager.go:109.2,119.16 3 4
github.com/uubk/microkube/pkg/pki/CertManager.go:123.2,123.69 1 4
github.com/uubk/microkube/pkg/pki/CertManager.go:106.16,108.3 1 0
github.com/uubk/microkube/pkg/pki/CertManager.go:119.16,121.3 1 0
github.com/uubk/microkube/pkg/pki/CertManager.go:127.119,130.16 2 0
github.com/uubk/microkube/pkg/pki/CertManager.go:133.2,143.16 3 0
github.com/uubk/microkube/pkg/pki/CertManager.go:147.2,147.69 1 0
github.com/uubk/microkube/pkg/pki/CertManager.go:130.16,132.3 1 0
github.com/uubk/microkube/pkg/pki/CertManager.go:143.16,145.3 1 0
github.com/uubk/microkube/pkg/pki/CertManager.go:151.174,154.16 2 2
github.com/uubk/microkube/pkg/pki/CertManager.go:157.2,166.14 2 2
github.com/uubk/microkube/pkg/pki/CertManager.go:178.2,178.14 1 2
github.com/uubk/microkube/pkg/pki/CertManager.go:183.2,184.16 2 2
github.com/uubk/microkube/pkg/pki/CertManager.go:188.2,188.69 1 2
github.com/uubk/microkube/pkg/pki/CertManager.go:154.16,156.3 1 0
github.com/uubk/microkube/pkg/pki/CertManager.go:166.14,170.29 3 1
github.com/uubk/microkube/pkg/pki/CertManager.go:170.29,171.42 1 2
github.com/uubk/microkube/pkg/pki/CertManager.go:171.42,173.5 1 1
github.com/uubk/microkube/pkg/pki/CertManager.go:173.10,175.5 1 1
github.com/uubk/microkube/pkg/pki/CertManager.go:178.14,181.3 2 1
github.com/uubk/microkube/pkg/pki/CertManager.go:184.16,186.3 1 0
github.com/uubk/microkube/internal/cmd/Network.go:26.31,28.16 2 0
github.com/uubk/microkube/internal/cmd/Network.go:32.2,34.31 3 0
github.com/uubk/microkube/internal/cmd/Network.go:49.2,52.26 4 0
github.com/uubk/microkube/internal/cmd/Network.go:58.2,63.34 2 0
github.com/uubk/microkube/internal/cmd/Network.go:68.2,73.22 2 0
github.com/uubk/microkube/internal/cmd/Network.go:28.16,31.3 2 0
github.com/uubk/microkube/internal/cmd/Network.go:34.31,36.17 2 0
github.com/uubk/microkube/internal/cmd/Network.go:40.3,40.30 1 0
github.com/uubk/microkube/internal/cmd/Network.go:36.17,38.12 2 0
github.com/uubk/microkube/internal/cmd/Network.go:40.30,43.76 3 0
github.com/uubk/microkube/internal/cmd/Network.go:43.76,45.5 1 0
github.com/uubk/microkube/internal/cmd/Network.go:52.26,53.17 1 0
github.com/uubk/microkube/internal/cmd/Network.go:53.17,56.4 2 0
github.com/uubk/microkube/internal/cmd/Network.go:63.34,64.84 1 0
github.com/uubk/microkube/internal/cmd/Network.go:64.84,66.4 1 0
github.com/uubk/microkube/internal/cmd/PKI.go:33.169,36.16 3 0
github.com/uubk/microkube/internal/cmd/PKI.go:76.2,85.9 1 0
github.com/uubk/microkube/internal/cmd/PKI.go:36.16,41.17 3 0
github.com/uubk/microkube/internal/cmd/PKI.go:46.3,47.17 2 0
github.com/uubk/microkube/internal/cmd/PKI.go:51.3,55.17 3 0
github.com/uubk/microkube/internal/cmd/PKI.go:60.3,63.15 2 0
github.com/uubk/microkube/internal/cmd/PKI.go:66.3,67.17 2 0
github.com/uubk/microkube/internal/cmd/PKI.go:72.3,72.33 1 0
github.com/uubk/microkube/internal/cmd/PKI.go:41.17,44.4 2 0
github.com/uubk/microkube/internal/cmd/PKI.go:47.17,49.4 1 0
github.com/uubk/microkube/internal/cmd/PKI.go:55.17,58.4 2 0
github.com/uubk/microkube/internal/cmd/PKI.go:63.15,65.4 1 0
github.com/uubk/microkube/internal/cmd/PKI.go:67.17,70.4 2 0
github.com/uubk/microkube/internal/cmd/PKI.go:90.70,93.16 3 0
github.com/uubk/microkube/internal/cmd/PKI.go:107.2,110.8 1 0
github.com/uubk/microkube/internal/cmd/PKI.go:93.16,99.17 3 0
github.com/uubk/microkube/internal/cmd/PKI.go:103.3,103.17 1 0
github.com/uubk/microkube/internal/cmd/PKI.go:99.17,102.4 2 0
github.com/uubk/microkube/internal/cmd/PKI.go:115.79,118.16 3 0
github.com/uubk/microkube/internal/cmd/PKI.go:132.2,135.8 1 0
github.com/uubk/microkube/internal/cmd/PKI.go:118.16,124.17 3 0
github.com/uubk/microkube/internal/cmd/PKI.go:128.3,128.17 1 0
github.com/uubk/microkube/internal/cmd/PKI.go:124.17,127.4 2 0
github.com/uubk/microkube/internal/cmd/FSHelpers.go:27.74,32.16 3 2
github.com/uubk/microkube/internal/cmd/FSHelpers.go:36.2,37.16 2 2
github.com/uubk/microkube/internal/cmd/FSHelpers.go:41.2,41.19 1 2
github.com/uubk/microkube/internal/cmd/FSHelpers.go:45.2,45.12 1 2
github.com/uubk/microkube/internal/cmd/FSHelpers.go:32.16,34.3 1 2
github.com/uubk/microkube/internal/cmd/FSHelpers.go:37.16,40.3 2 0
github.com/uubk/microkube/internal/cmd/FSHelpers.go:41.19,44.3 2 0
github.com/uubk/microkube/internal/cmd/KubeClient.go:53.60,59.16 3 0
github.com/uubk/microkube/internal/cmd/KubeClient.go:62.2,63.16 2 0
github.com/uubk/microkube/internal/cmd/KubeClient.go:66.2,66.18 1 0
github.com/uubk/microkube/internal/cmd/KubeClient.go:59.16,61.3 1 0
github.com/uubk/microkube/internal/cmd/KubeClient.go:63.16,65.3 1 0
github.com/uubk/microkube/internal/cmd/KubeClient.go:70.33,71.18 1 0
github.com/uubk/microkube/internal/cmd/KubeClient.go:74.2,75.16 2 0
github.com/uubk/microkube/internal/cmd/KubeClient.go:81.2,81.29 1 0
github.com/uubk/microkube/internal/cmd/KubeClient.go:87.2,87.29 1 0
github.com/uubk/microkube/internal/cmd/KubeClient.go:94.2,95.25 2 0
github.com/uubk/microkube/internal/cmd/KubeClient.go:71.18,73.3 1 0
github.com/uubk/microkube/internal/cmd/KubeClient.go:75.16,80.3 1 0
github.com/uubk/microkube/internal/cmd/KubeClient.go:81.29,86.3 1 0
github.com/uubk/microkube/internal/cmd/KubeClient.go:87.29,93.3 1 0
github.com/uubk/microkube/internal/cmd/KubeClient.go:100.74,107.32 2 0
github.com/uubk/microkube/internal/cmd/KubeClient.go:110.2,112.16 3 0
github.com/uubk/microkube/internal/cmd/KubeClient.go:107.32,109.3 1 0
github.com/uubk/microkube/internal/cmd/KubeClient.go:112.16,113.33 1 0
github.com/uubk/microkube/internal/cmd/KubeClient.go:113.33,115.4 1 0
github.com/uubk/microkube/internal/cmd/KubeClient.go:115.9,121.4 1 0
github.com/uubk/microkube/internal/cmd/KubeClient.go:126.34,130.22 3 0
github.com/uubk/microkube/internal/cmd/KubeClient.go:138.2,141.16 3 0
github.com/uubk/microkube/internal/cmd/KubeClient.go:148.2,149.33 2 0
github.com/uubk/microkube/internal/cmd/KubeClient.go:183.2,187.6 2 0
github.com/uubk/microkube/internal/cmd/KubeClient.go:130.22,136.3 2 0
github.com/uubk/microkube/internal/cmd/KubeClient.go:141.16,147.3 2 0
github.com/uubk/microkube/internal/cmd/KubeClient.go:149.33,172.17 5 0
github.com/uubk/microkube/internal/cmd/KubeClient.go:172.17,179.4 1 0
github.com/uubk/microkube/internal/cmd/KubeClient.go:179.9,181.4 1 0
github.com/uubk/microkube/internal/cmd/KubeClient.go:187.6,189.35 2 0
github.com/uubk/microkube/internal/cmd/KubeClient.go:208.3,208.23 1 0
github.com/uubk/microkube/internal/cmd/KubeClient.go:215.3,215.30 1 0
github.com/uubk/microkube/internal/cmd/KubeClient.go:189.35,197.18 3 0
github.com/uubk/microkube/internal/cmd/KubeClient.go:197.18,198.34 1 0
github.com/uubk/microkube/internal/cmd/KubeClient.go:198.34,200.6 1 0
github.com/uubk/microkube/internal/cmd/KubeClient.go:200.11,202.6 1 0
github.com/uubk/microkube/internal/cmd/KubeClient.go:203.10,206.5 2 0
github.com/uubk/microkube/internal/cmd/KubeClient.go:208.23,214.4 2 0
github.com/uubk/microkube/internal/cmd/KubeClient.go:221.36,222.6 1 0
github.com/uubk/microkube/internal/cmd/KubeClient.go:222.6,226.23 3 0
github.com/uubk/microkube/internal/cmd/KubeClient.go:230.3,232.57 3 0
github.com/uubk/microkube/internal/cmd/KubeClient.go:238.3,238.21 1 0
github.com/uubk/microkube/internal/cmd/KubeClient.go:244.3,244.16 1 0
github.com/uubk/microkube/internal/cmd/KubeClient.go:256.3,256.30 1 0
github.com/uubk/microkube/internal/cmd/KubeClient.go:226.23,228.12 2 0
github.com/uubk/microkube/internal/cmd/KubeClient.go:232.57,233.39 1 0
github.com/uubk/microkube/internal/cmd/KubeClient.go:233.39,236.5 2 0
github.com/uubk/microkube/internal/cmd/KubeClient.go:238.21,243.4 1 0
github.com/uubk/microkube/internal/cmd/KubeClient.go:244.16,251.36 2 0
github.com/uubk/microkube/internal/cmd/KubeClient.go:254.4,254.10 1 0
github.com/uubk/microkube/internal/cmd/KubeClient.go:251.36,253.5 1 0
github.com/uubk/microkube/pkg/handlers/etcd/EtcdHandler.go:56.152,71.2 3 1
github.com/uubk/microkube/pkg/handlers/etcd/EtcdHandler.go:74.43,104.2 2 1
github.com/uubk/microkube/pkg/handlers/etcd/EtcdHandler.go:107.36,108.24 1 1
github.com/uubk/microkube/pkg/handlers/etcd/EtcdHandler.go:108.24,110.3 1 1
github.com/uubk/microkube/pkg/handlers/etcd/EtcdHandler.go:114.78,120.16 4 1
github.com/uubk/microkube/pkg/handlers/etcd/EtcdHandler.go:123.2,123.31 1 1
github.com/uubk/microkube/pkg/handlers/etcd/EtcdHandler.go:126.2,126.12 1 1
github.com/uubk/microkube/pkg/handlers/etcd/EtcdHandler.go:120.16,122.3 1 0
github.com/uubk/microkube/pkg/handlers/etcd/EtcdHandler.go:123.31,125.3 1 0
github.com/uubk/microkube/pkg/handlers/etcd/EtcdHandler.go:130.199,134.2 1 1
github.com/uubk/microkube/pkg/handlers/kube/KubeControllerManagerHandler.go:59.237,77.2 3 1
github.com/uubk/microkube/pkg/handlers/kube/KubeControllerManagerHandler.go:80.49,81.24 1 1
github.com/uubk/microkube/pkg/handlers/kube/KubeControllerManagerHandler.go:81.24,83.3 1 1
github.com/uubk/microkube/pkg/handlers/kube/KubeControllerManagerHandler.go:87.56,114.2 2 1
github.com/uubk/microkube/pkg/handlers/kube/KubeControllerManagerHandler.go:117.91,119.16 2 1
github.com/uubk/microkube/pkg/handlers/kube/KubeControllerManagerHandler.go:122.2,122.48 1 1
github.com/uubk/microkube/pkg/handlers/kube/KubeControllerManagerHandler.go:125.2,125.12 1 1
github.com/uubk/microkube/pkg/handlers/kube/KubeControllerManagerHandler.go:119.16,121.3 1 0
github.com/uubk/microkube/pkg/handlers/kube/KubeControllerManagerHandler.go:122.48,124.3 1 0
github.com/uubk/microkube/pkg/handlers/kube/KubeControllerManagerHandler.go:129.209,132.16 2 1
github.com/uubk/microkube/pkg/handlers/kube/KubeControllerManagerHandler.go:136.2,137.16 2 1
github.com/uubk/microkube/pkg/handlers/kube/KubeControllerManagerHandler.go:140.2,142.16 3 1
github.com/uubk/microkube/pkg/handlers/kube/KubeControllerManagerHandler.go:146.2,148.25 2 1
github.com/uubk/microkube/pkg/handlers/kube/KubeControllerManagerHandler.go:132.16,134.3 1 0
github.com/uubk/microkube/pkg/handlers/kube/KubeControllerManagerHandler.go:137.16,139.3 1 0
github.com/uubk/microkube/pkg/handlers/kube/KubeControllerManagerHandler.go:142.16,144.3 1 0
github.com/uubk/microkube/pkg/handlers/kube/KubeProxyHandler.go:48.146,58.16 3 0
github.com/uubk/microkube/pkg/handlers/kube/KubeProxyHandler.go:62.2,64.17 2 0
github.com/uubk/microkube/pkg/handlers/kube/KubeProxyHandler.go:58.16,60.3 1 0
github.com/uubk/microkube/pkg/handlers/kube/KubeProxyHandler.go:68.41,69.24 1 0
github.com/uubk/microkube/pkg/handlers/kube/KubeProxyHandler.go:69.24,71.3 1 0
github.com/uubk/microkube/pkg/handlers/kube/KubeProxyHandler.go:75.48,83.2 2 0
github.com/uubk/microkube/pkg/handlers/kube/KubeProxyHandler.go:86.83,93.16 4 0
github.com/uubk/microkube/pkg/handlers/kube/KubeProxyHandler.go:96.2,96.62 1 0
github.com/uubk/microkube/pkg/handlers/kube/KubeProxyHandler.go:99.2,99.12 1 0
github.com/uubk/microkube/pkg/handlers/kube/KubeProxyHandler.go:93.16,95.3 1 0
github.com/uubk/microkube/pkg/handlers/kube/KubeProxyHandler.go:96.62,98.3 1 0
github.com/uubk/microkube/pkg/handlers/kube/KubeSchedulerHandler.go:46.148,56.16 3 0
github.com/uubk/microkube/pkg/handlers/kube/KubeSchedulerHandler.go:60.2,62.17 2 0
github.com/uubk/microkube/pkg/handlers/kube/KubeSchedulerHandler.go:56.16,58.3 1 0
github.com/uubk/microkube/pkg/handlers/kube/KubeSchedulerHandler.go:66.45,67.24 1 0
github.com/uubk/microkube/pkg/handlers/kube/KubeSchedulerHandler.go:67.24,69.3 1 0
github.com/uubk/microkube/pkg/handlers/kube/KubeSchedulerHandler.go:73.52,80.2 2 0
github.com/uubk/microkube/pkg/handlers/kube/KubeSchedulerHandler.go:83.87,85.16 2 0
github.com/uubk/microkube/pkg/handlers/kube/KubeSchedulerHandler.go:88.2,88.48 1 0
github.com/uubk/microkube/pkg/handlers/kube/KubeSchedulerHandler.go:91.2,91.12 1 0
github.com/uubk/microkube/pkg/handlers/kube/KubeSchedulerHandler.go:85.16,87.3 1 0
github.com/uubk/microkube/pkg/handlers/kube/KubeSchedulerHandler.go:88.48,90.3 1 0
github.com/uubk/microkube/pkg/handlers/kube/KubeconfigHandler.go:41.51,43.16 2 6
github.com/uubk/microkube/pkg/handlers/kube/KubeconfigHandler.go:46.2,46.56 1 6
github.com/uubk/microkube/pkg/handlers/kube/KubeconfigHandler.go:43.16,45.3 1 0
github.com/uubk/microkube/pkg/handlers/kube/KubeconfigHandler.go:51.84,57.16 4 2
github.com/uubk/microkube/pkg/handlers/kube/KubeconfigHandler.go:60.2,61.16 2 2
github.com/uubk/microkube/pkg/handlers/kube/KubeconfigHandler.go:64.2,65.16 2 2
github.com/uubk/microkube/pkg/handlers/kube/KubeconfigHandler.go:68.2,85.16 3 2
github.com/uubk/microkube/pkg/handlers/kube/KubeconfigHandler.go:88.2,89.16 2 2
github.com/uubk/microkube/pkg/handlers/kube/KubeconfigHandler.go:92.2,93.33 2 2
github.com/uubk/microkube/pkg/handlers/kube/KubeconfigHandler.go:57.16,59.3 1 0
github.com/uubk/microkube/pkg/handlers/kube/KubeconfigHandler.go:61.16,63.3 1 0
github.com/uubk/microkube/pkg/handlers/kube/KubeconfigHandler.go:65.16,67.3 1 0
github.com/uubk/microkube/pkg/handlers/kube/KubeconfigHandler.go:85.16,87.3 1 0
github.com/uubk/microkube/pkg/handlers/kube/KubeconfigHandler.go:89.16,91.3 1 0
github.com/uubk/microkube/pkg/handlers/kube/KubeletConfigHandler.go:35.99,59.16 4 0
github.com/uubk/microkube/pkg/handlers/kube/KubeletConfigHandler.go:62.2,63.16 2 0
github.com/uubk/microkube/pkg/handlers/kube/KubeletConfigHandler.go:66.2,67.33 2 0
github.com/uubk/microkube/pkg/handlers/kube/KubeletConfigHandler.go:59.16,61.3 1 0
github.com/uubk/microkube/pkg/handlers/kube/KubeletConfigHandler.go:63.16,65.3 1 0
github.com/uubk/microkube/pkg/handlers/kube/KubeletHandler.go:59.191,76.16 5 0
github.com/uubk/microkube/pkg/handlers/kube/KubeletHandler.go:80.2,82.17 2 0
github.com/uubk/microkube/pkg/handlers/kube/KubeletHandler.go:76.16,78.3 1 0
github.com/uubk/microkube/pkg/handlers/kube/KubeletHandler.go:86.39,87.24 1 0
github.com/uubk/microkube/pkg/handlers/kube/KubeletHandler.go:87.24,89.3 1 0
github.com/uubk/microkube/pkg/handlers/kube/KubeletHandler.go:93.46,117.2 2 0
github.com/uubk/microkube/pkg/handlers/kube/KubeletHandler.go:120.81,122.16 2 0
github.com/uubk/microkube/pkg/handlers/kube/KubeletHandler.go:125.2,125.48 1 0
github.com/uubk/microkube/pkg/handlers/kube/KubeletHandler.go:128.2,128.12 1 0
github.com/uubk/microkube/pkg/handlers/kube/KubeletHandler.go:122.16,124.3 1 0
github.com/uubk/microkube/pkg/handlers/kube/KubeletHandler.go:125.48,127.3 1 0
github.com/uubk/microkube/pkg/handlers/kube/KubeAPIServerHandler.go:70.159,91.2 3 2
github.com/uubk/microkube/pkg/handlers/kube/KubeAPIServerHandler.go:94.45,95.24 1 2
github.com/uubk/microkube/pkg/handlers/kube/KubeAPIServerHandler.go:95.24,97.3 1 2
github.com/uubk/microkube/pkg/handlers/kube/KubeAPIServerHandler.go:101.52,145.2 2 2
github.com/uubk/microkube/pkg/handlers/kube/KubeAPIServerHandler.go:148.87,150.16 2 10
github.com/uubk/microkube/pkg/handlers/kube/KubeAPIServerHandler.go:153.2,153.48 1 10
github.com/uubk/microkube/pkg/handlers/kube/KubeAPIServerHandler.go:156.2,156.12 1 2
github.com/uubk/microkube/pkg/handlers/kube/KubeAPIServerHandler.go:150.16,152.3 1 0
github.com/uubk/microkube/pkg/handlers/kube/KubeAPIServerHandler.go:153.48,155.3 1 8
github.com/uubk/microkube/pkg/handlers/kube/KubeAPIServerHandler.go:160.201,162.16 2 3
github.com/uubk/microkube/pkg/handlers/kube/KubeAPIServerHandler.go:165.2,167.25 2 2
github.com/uubk/microkube/pkg/handlers/kube/KubeAPIServerHandler.go:162.16,164.3 1 1
github.com/uubk/microkube/pkg/handlers/kube/KubeProxyConfigHandler.go:32.72,76.16 4 0
github.com/uubk/microkube/pkg/handlers/kube/KubeProxyConfigHandler.go:79.2,80.16 2 0
github.com/uubk/microkube/pkg/handlers/kube/KubeProxyConfigHandler.go:83.2,84.33 2 0
github.com/uubk/microkube/pkg/handlers/kube/KubeProxyConfigHandler.go:76.16,78.3 1 0
github.com/uubk/microkube/pkg/handlers/kube/KubeProxyConfigHandler.go:80.16,82.3 1 0
github.com/uubk/microkube/pkg/handlers/kube/KubeSchedulerConfigHandler.go:31.63,63.16 4 0
github.com/uubk/microkube/pkg/handlers/kube/KubeSchedulerConfigHandler.go:66.2,67.16 2 0
github.com/uubk/microkube/pkg/handlers/kube/KubeSchedulerConfigHandler.go:70.2,71.33 2 0
github.com/uubk/microkube/pkg/handlers/kube/KubeSchedulerConfigHandler.go:63.16,65.3 1 0
github.com/uubk/microkube/pkg/handlers/kube/KubeSchedulerConfigHandler.go:67.16,69.3 1 0
